#! /usr/local/iverilog/bin/vvp
:ivl_version "11.0 (devel)" "(s20150603-642-g3bdb50da)";
:ivl_delay_selection "TYPICAL";
:vpi_time_precision + 0;
:vpi_module "system";
:vpi_module "vhdl_sys";
:vpi_module "vhdl_textio";
:vpi_module "v2005_math";
:vpi_module "va_math";
S_0000000000f52510 .scope module, "tabla_3_POS" "tabla_3_POS" 2 7;
 .timescale 0 0;
L_0000000000f52a40 .functor NOT 1, v0000000000f526a0_0, C4<0>, C4<0>, C4<0>;
L_00000000010eb4d0 .functor NOT 1, v0000000000f52740_0, C4<0>, C4<0>, C4<0>;
L_0000000000fcec60 .functor NOT 1, v0000000000f527e0_0, C4<0>, C4<0>, C4<0>;
L_0000000000fcecd0 .functor OR 1, v0000000000f526a0_0, v0000000000f52740_0, v0000000000f527e0_0, C4<0>;
L_0000000000fced40 .functor OR 1, v0000000000f526a0_0, L_00000000010eb4d0, v0000000000f527e0_0, C4<0>;
L_0000000000fcedb0 .functor OR 1, v0000000000f526a0_0, L_00000000010eb4d0, L_0000000000fcec60, C4<0>;
L_0000000000fceeb0 .functor OR 1, L_0000000000f52a40, v0000000000f52740_0, v0000000000f527e0_0, C4<0>;
L_00000000010ec8e0 .functor OR 1, L_0000000000f52a40, v0000000000f52740_0, L_0000000000fcec60, C4<0>;
L_00000000010ec950/0/0 .functor AND 1, L_0000000000fcecd0, L_0000000000fced40, L_0000000000fcedb0, L_0000000000fceeb0;
L_00000000010ec950/0/4 .functor AND 1, L_00000000010ec8e0, C4<1>, C4<1>, C4<1>;
L_00000000010ec950 .functor AND 1, L_00000000010ec950/0/0, L_00000000010ec950/0/4, C4<1>, C4<1>;
v00000000010ec430_0 .net "a_out1", 0 0, L_00000000010ec950;  1 drivers
v0000000000f526a0_0 .var "input1", 0 0;
v0000000000f52740_0 .var "input2", 0 0;
v0000000000f527e0_0 .var "input3", 0 0;
v0000000000f52880_0 .net "n_out1", 0 0, L_0000000000f52a40;  1 drivers
v00000000010ec700_0 .net "n_out2", 0 0, L_00000000010eb4d0;  1 drivers
v00000000010ec7a0_0 .net "n_out3", 0 0, L_0000000000fcec60;  1 drivers
v00000000010ec840_0 .net "o_out1", 0 0, L_0000000000fcecd0;  1 drivers
v0000000000fcdf20_0 .net "o_out2", 0 0, L_0000000000fced40;  1 drivers
v0000000000fce380_0 .net "o_out3", 0 0, L_0000000000fcedb0;  1 drivers
v0000000000fce6a0_0 .net "o_out4", 0 0, L_0000000000fceeb0;  1 drivers
v0000000000fcdfc0_0 .net "o_out5", 0 0, L_00000000010ec8e0;  1 drivers
    .scope S_0000000000f52510;
T_0 ;
    %vpi_call 2 44 "$display", "A B C | Y" {0 0 0};
    %vpi_call 2 45 "$display", "-------" {0 0 0};
    %vpi_call 2 47 "$monitor", "%b %b %b | %b", v0000000000f526a0_0, v0000000000f52740_0, v0000000000f527e0_0, v00000000010ec430_0 {0 0 0};
    %pushi/vec4 0, 0, 1;
    %store/vec4 v0000000000f526a0_0, 0, 1;
    %pushi/vec4 0, 0, 1;
    %store/vec4 v0000000000f52740_0, 0, 1;
    %pushi/vec4 0, 0, 1;
    %store/vec4 v0000000000f527e0_0, 0, 1;
    %delay 1, 0;
    %pushi/vec4 0, 0, 1;
    %store/vec4 v0000000000f526a0_0, 0, 1;
    %pushi/vec4 0, 0, 1;
    %store/vec4 v0000000000f52740_0, 0, 1;
    %pushi/vec4 1, 0, 1;
    %store/vec4 v0000000000f527e0_0, 0, 1;
    %delay 1, 0;
    %pushi/vec4 0, 0, 1;
    %store/vec4 v0000000000f526a0_0, 0, 1;
    %pushi/vec4 1, 0, 1;
    %store/vec4 v0000000000f52740_0, 0, 1;
    %pushi/vec4 0, 0, 1;
    %store/vec4 v0000000000f527e0_0, 0, 1;
    %delay 1, 0;
    %pushi/vec4 0, 0, 1;
    %store/vec4 v0000000000f526a0_0, 0, 1;
    %pushi/vec4 1, 0, 1;
    %store/vec4 v0000000000f52740_0, 0, 1;
    %pushi/vec4 1, 0, 1;
    %store/vec4 v0000000000f527e0_0, 0, 1;
    %delay 1, 0;
    %pushi/vec4 1, 0, 1;
    %store/vec4 v0000000000f526a0_0, 0, 1;
    %pushi/vec4 0, 0, 1;
    %store/vec4 v0000000000f52740_0, 0, 1;
    %pushi/vec4 0, 0, 1;
    %store/vec4 v0000000000f527e0_0, 0, 1;
    %delay 1, 0;
    %pushi/vec4 1, 0, 1;
    %store/vec4 v0000000000f526a0_0, 0, 1;
    %pushi/vec4 0, 0, 1;
    %store/vec4 v0000000000f52740_0, 0, 1;
    %pushi/vec4 1, 0, 1;
    %store/vec4 v0000000000f527e0_0, 0, 1;
    %delay 1, 0;
    %pushi/vec4 1, 0, 1;
    %store/vec4 v0000000000f526a0_0, 0, 1;
    %pushi/vec4 1, 0, 1;
    %store/vec4 v0000000000f52740_0, 0, 1;
    %pushi/vec4 0, 0, 1;
    %store/vec4 v0000000000f527e0_0, 0, 1;
    %delay 1, 0;
    %pushi/vec4 1, 0, 1;
    %store/vec4 v0000000000f526a0_0, 0, 1;
    %pushi/vec4 1, 0, 1;
    %store/vec4 v0000000000f52740_0, 0, 1;
    %pushi/vec4 1, 0, 1;
    %store/vec4 v0000000000f527e0_0, 0, 1;
    %delay 1, 0;
    %vpi_call 2 62 "$finish" {0 0 0};
    %end;
    .thread T_0;
    .scope S_0000000000f52510;
T_1 ;
    %vpi_call 2 68 "$dumpfile", "Tabla_03_tb.vcd" {0 0 0};
    %vpi_call 2 69 "$dumpvars", 32'sb00000000000000000000000000000000, S_0000000000f52510 {0 0 0};
    %end;
    .thread T_1;
# The file index is used to find the file name in the following table.
:file_names 3;
    "N/A";
    "<interactive>";
    "Tabla_03.v";
