#! /usr/local/iverilog/bin/vvp
:ivl_version "11.0 (devel)" "(s20150603-642-g3bdb50da)";
:ivl_delay_selection "TYPICAL";
:vpi_time_precision + 0;
:vpi_module "system";
:vpi_module "vhdl_sys";
:vpi_module "vhdl_textio";
:vpi_module "v2005_math";
:vpi_module "va_math";
S_00000000010ccad0 .scope module, "tabla_1_POS" "tabla_1_POS" 2 7;
 .timescale 0 0;
L_00000000010cce40 .functor NOT 1, v00000000010cc800_0, C4<0>, C4<0>, C4<0>;
L_0000000000fd2a40 .functor NOT 1, v00000000010ccc60_0, C4<0>, C4<0>, C4<0>;
L_00000000010cac90 .functor NOT 1, v00000000010ccd00_0, C4<0>, C4<0>, C4<0>;
L_000000000104bb60 .functor OR 1, v00000000010cc800_0, v00000000010ccc60_0, L_00000000010cac90, C4<0>;
L_000000000104bbd0 .functor OR 1, v00000000010cc800_0, L_0000000000fd2a40, L_00000000010cac90, C4<0>;
L_000000000104bc40 .functor OR 1, L_00000000010cce40, L_0000000000fd2a40, v00000000010ccd00_0, C4<0>;
L_000000000104bcb0 .functor AND 1, L_000000000104bb60, L_000000000104bbd0, L_000000000104bc40, C4<1>;
v0000000000fd33b0_0 .net "a_out1", 0 0, L_000000000104bcb0;  1 drivers
v00000000010cc800_0 .var "input1", 0 0;
v00000000010ccc60_0 .var "input2", 0 0;
v00000000010ccd00_0 .var "input3", 0 0;
v00000000010ccda0_0 .net "n_out1", 0 0, L_00000000010cce40;  1 drivers
v000000000104b840_0 .net "n_out2", 0 0, L_0000000000fd2a40;  1 drivers
v000000000104b8e0_0 .net "n_out3", 0 0, L_00000000010cac90;  1 drivers
v000000000104b980_0 .net "o_out1", 0 0, L_000000000104bb60;  1 drivers
v000000000104ba20_0 .net "o_out2", 0 0, L_000000000104bbd0;  1 drivers
v000000000104bac0_0 .net "o_out3", 0 0, L_000000000104bc40;  1 drivers
    .scope S_00000000010ccad0;
T_0 ;
    %vpi_call 2 42 "$display", "A B C | Y" {0 0 0};
    %vpi_call 2 43 "$display", "-------" {0 0 0};
    %vpi_call 2 45 "$monitor", "%b %b %b | %b", v00000000010cc800_0, v00000000010ccc60_0, v00000000010ccd00_0, v0000000000fd33b0_0 {0 0 0};
    %pushi/vec4 0, 0, 1;
    %store/vec4 v00000000010cc800_0, 0, 1;
    %pushi/vec4 0, 0, 1;
    %store/vec4 v00000000010ccc60_0, 0, 1;
    %pushi/vec4 0, 0, 1;
    %store/vec4 v00000000010ccd00_0, 0, 1;
    %delay 1, 0;
    %pushi/vec4 0, 0, 1;
    %store/vec4 v00000000010cc800_0, 0, 1;
    %pushi/vec4 0, 0, 1;
    %store/vec4 v00000000010ccc60_0, 0, 1;
    %pushi/vec4 1, 0, 1;
    %store/vec4 v00000000010ccd00_0, 0, 1;
    %delay 1, 0;
    %pushi/vec4 0, 0, 1;
    %store/vec4 v00000000010cc800_0, 0, 1;
    %pushi/vec4 1, 0, 1;
    %store/vec4 v00000000010ccc60_0, 0, 1;
    %pushi/vec4 0, 0, 1;
    %store/vec4 v00000000010ccd00_0, 0, 1;
    %delay 1, 0;
    %pushi/vec4 0, 0, 1;
    %store/vec4 v00000000010cc800_0, 0, 1;
    %pushi/vec4 1, 0, 1;
    %store/vec4 v00000000010ccc60_0, 0, 1;
    %pushi/vec4 1, 0, 1;
    %store/vec4 v00000000010ccd00_0, 0, 1;
    %delay 1, 0;
    %pushi/vec4 1, 0, 1;
    %store/vec4 v00000000010cc800_0, 0, 1;
    %pushi/vec4 0, 0, 1;
    %store/vec4 v00000000010ccc60_0, 0, 1;
    %pushi/vec4 0, 0, 1;
    %store/vec4 v00000000010ccd00_0, 0, 1;
    %delay 1, 0;
    %pushi/vec4 1, 0, 1;
    %store/vec4 v00000000010cc800_0, 0, 1;
    %pushi/vec4 0, 0, 1;
    %store/vec4 v00000000010ccc60_0, 0, 1;
    %pushi/vec4 1, 0, 1;
    %store/vec4 v00000000010ccd00_0, 0, 1;
    %delay 1, 0;
    %pushi/vec4 1, 0, 1;
    %store/vec4 v00000000010cc800_0, 0, 1;
    %pushi/vec4 1, 0, 1;
    %store/vec4 v00000000010ccc60_0, 0, 1;
    %pushi/vec4 0, 0, 1;
    %store/vec4 v00000000010ccd00_0, 0, 1;
    %delay 1, 0;
    %pushi/vec4 1, 0, 1;
    %store/vec4 v00000000010cc800_0, 0, 1;
    %pushi/vec4 1, 0, 1;
    %store/vec4 v00000000010ccc60_0, 0, 1;
    %pushi/vec4 1, 0, 1;
    %store/vec4 v00000000010ccd00_0, 0, 1;
    %delay 1, 0;
    %vpi_call 2 60 "$finish" {0 0 0};
    %end;
    .thread T_0;
    .scope S_00000000010ccad0;
T_1 ;
    %vpi_call 2 66 "$dumpfile", "Tabla_01_tb.vcd" {0 0 0};
    %vpi_call 2 67 "$dumpvars", 32'sb00000000000000000000000000000000, S_00000000010ccad0 {0 0 0};
    %end;
    .thread T_1;
# The file index is used to find the file name in the following table.
:file_names 3;
    "N/A";
    "<interactive>";
    "Tabla_01.v";
