#! /usr/local/iverilog/bin/vvp
:ivl_version "11.0 (devel)" "(s20150603-642-g3bdb50da)";
:ivl_delay_selection "TYPICAL";
:vpi_time_precision + 0;
:vpi_module "system";
:vpi_module "vhdl_sys";
:vpi_module "vhdl_textio";
:vpi_module "v2005_math";
:vpi_module "va_math";
S_0000000000f34b90 .scope module, "tabla_7_POS" "tabla_7_POS" 2 7;
 .timescale 0 0;
L_0000000000f34d20 .functor NOT 1, v0000000000f414a0_0, C4<0>, C4<0>, C4<0>;
L_0000000000f12a40 .functor NOT 1, v0000000000f41540_0, C4<0>, C4<0>, C4<0>;
L_0000000000f36860 .functor NOT 1, v0000000000f41bd0_0, C4<0>, C4<0>, C4<0>;
L_0000000000f348b0 .functor NOT 1, v0000000000f42030_0, C4<0>, C4<0>, C4<0>;
L_0000000000f425f0 .functor OR 1, v0000000000f414a0_0, v0000000000f41540_0, v0000000000f41bd0_0, L_0000000000f348b0;
L_0000000000f42790 .functor OR 1, v0000000000f414a0_0, L_0000000000f12a40, v0000000000f41bd0_0, v0000000000f42030_0;
L_0000000000f42800 .functor OR 1, v0000000000f414a0_0, L_0000000000f12a40, v0000000000f41bd0_0, L_0000000000f348b0;
L_0000000000f42990 .functor OR 1, L_0000000000f34d20, v0000000000f41540_0, v0000000000f41bd0_0, L_0000000000f348b0;
L_0000000000f42a90 .functor OR 1, L_0000000000f34d20, v0000000000f41540_0, L_0000000000f36860, L_0000000000f348b0;
L_0000000000f42b90 .functor OR 1, L_0000000000f34d20, L_0000000000f12a40, v0000000000f41bd0_0, v0000000000f42030_0;
L_0000000000f42d20 .functor OR 1, L_0000000000f34d20, L_0000000000f12a40, v0000000000f41bd0_0, L_0000000000f348b0;
L_0000000000f42d90 .functor OR 1, L_0000000000f34d20, L_0000000000f12a40, L_0000000000f36860, v0000000000f42030_0;
L_0000000000f42f00 .functor OR 1, L_0000000000f34d20, L_0000000000f12a40, L_0000000000f36860, L_0000000000f348b0;
L_0000000000f42e90/0/0 .functor AND 1, L_0000000000f425f0, L_0000000000f42790, L_0000000000f42800, L_0000000000f42990;
L_0000000000f42e90/0/4 .functor AND 1, L_0000000000f42a90, L_0000000000f42b90, L_0000000000f42d20, L_0000000000f42d90;
L_0000000000f42e90/0/8 .functor AND 1, L_0000000000f42f00, C4<1>, C4<1>, C4<1>;
L_0000000000f42e90 .functor AND 1, L_0000000000f42e90/0/0, L_0000000000f42e90/0/4, L_0000000000f42e90/0/8, C4<1>;
v0000000000f133c0_0 .net "a_out1", 0 0, L_0000000000f42e90;  1 drivers
v0000000000f414a0_0 .var "input1", 0 0;
v0000000000f41540_0 .var "input2", 0 0;
v0000000000f41bd0_0 .var "input3", 0 0;
v0000000000f42030_0 .var "input4", 0 0;
v0000000000f41b30_0 .net "n_out1", 0 0, L_0000000000f34d20;  1 drivers
v0000000000f41810_0 .net "n_out2", 0 0, L_0000000000f12a40;  1 drivers
v0000000000f418b0_0 .net "n_out3", 0 0, L_0000000000f36860;  1 drivers
v0000000000f41f90_0 .net "n_out4", 0 0, L_0000000000f348b0;  1 drivers
v0000000000f42490_0 .net "o_out1", 0 0, L_0000000000f425f0;  1 drivers
v0000000000f41db0_0 .net "o_out2", 0 0, L_0000000000f42790;  1 drivers
v0000000000f420d0_0 .net "o_out3", 0 0, L_0000000000f42800;  1 drivers
v0000000000f41c70_0 .net "o_out4", 0 0, L_0000000000f42990;  1 drivers
v0000000000f41ef0_0 .net "o_out5", 0 0, L_0000000000f42a90;  1 drivers
v0000000000f42170_0 .net "o_out6", 0 0, L_0000000000f42b90;  1 drivers
v0000000000f41a90_0 .net "o_out7", 0 0, L_0000000000f42d20;  1 drivers
v0000000000f41950_0 .net "o_out8", 0 0, L_0000000000f42d90;  1 drivers
v0000000000f422b0_0 .net "o_out9", 0 0, L_0000000000f42f00;  1 drivers
    .scope S_0000000000f34b90;
T_0 ;
    %vpi_call 2 49 "$display", "A B C D | Y" {0 0 0};
    %vpi_call 2 50 "$display", "-------" {0 0 0};
    %vpi_call 2 52 "$monitor", "%b %b %b %b | %b", v0000000000f414a0_0, v0000000000f41540_0, v0000000000f41bd0_0, v0000000000f42030_0, v0000000000f133c0_0 {0 0 0};
    %pushi/vec4 0, 0, 1;
    %store/vec4 v0000000000f414a0_0, 0, 1;
    %pushi/vec4 0, 0, 1;
    %store/vec4 v0000000000f41540_0, 0, 1;
    %pushi/vec4 0, 0, 1;
    %store/vec4 v0000000000f41bd0_0, 0, 1;
    %pushi/vec4 0, 0, 1;
    %store/vec4 v0000000000f42030_0, 0, 1;
    %delay 1, 0;
    %pushi/vec4 0, 0, 1;
    %store/vec4 v0000000000f414a0_0, 0, 1;
    %pushi/vec4 0, 0, 1;
    %store/vec4 v0000000000f41540_0, 0, 1;
    %pushi/vec4 0, 0, 1;
    %store/vec4 v0000000000f41bd0_0, 0, 1;
    %pushi/vec4 1, 0, 1;
    %store/vec4 v0000000000f42030_0, 0, 1;
    %delay 1, 0;
    %pushi/vec4 0, 0, 1;
    %store/vec4 v0000000000f414a0_0, 0, 1;
    %pushi/vec4 0, 0, 1;
    %store/vec4 v0000000000f41540_0, 0, 1;
    %pushi/vec4 1, 0, 1;
    %store/vec4 v0000000000f41bd0_0, 0, 1;
    %pushi/vec4 0, 0, 1;
    %store/vec4 v0000000000f42030_0, 0, 1;
    %delay 1, 0;
    %pushi/vec4 0, 0, 1;
    %store/vec4 v0000000000f414a0_0, 0, 1;
    %pushi/vec4 0, 0, 1;
    %store/vec4 v0000000000f41540_0, 0, 1;
    %pushi/vec4 1, 0, 1;
    %store/vec4 v0000000000f41bd0_0, 0, 1;
    %pushi/vec4 1, 0, 1;
    %store/vec4 v0000000000f42030_0, 0, 1;
    %delay 1, 0;
    %pushi/vec4 0, 0, 1;
    %store/vec4 v0000000000f414a0_0, 0, 1;
    %pushi/vec4 1, 0, 1;
    %store/vec4 v0000000000f41540_0, 0, 1;
    %pushi/vec4 0, 0, 1;
    %store/vec4 v0000000000f41bd0_0, 0, 1;
    %pushi/vec4 0, 0, 1;
    %store/vec4 v0000000000f42030_0, 0, 1;
    %delay 1, 0;
    %pushi/vec4 0, 0, 1;
    %store/vec4 v0000000000f414a0_0, 0, 1;
    %pushi/vec4 1, 0, 1;
    %store/vec4 v0000000000f41540_0, 0, 1;
    %pushi/vec4 0, 0, 1;
    %store/vec4 v0000000000f41bd0_0, 0, 1;
    %pushi/vec4 1, 0, 1;
    %store/vec4 v0000000000f42030_0, 0, 1;
    %delay 1, 0;
    %pushi/vec4 0, 0, 1;
    %store/vec4 v0000000000f414a0_0, 0, 1;
    %pushi/vec4 1, 0, 1;
    %store/vec4 v0000000000f41540_0, 0, 1;
    %pushi/vec4 1, 0, 1;
    %store/vec4 v0000000000f41bd0_0, 0, 1;
    %pushi/vec4 0, 0, 1;
    %store/vec4 v0000000000f42030_0, 0, 1;
    %delay 1, 0;
    %pushi/vec4 0, 0, 1;
    %store/vec4 v0000000000f414a0_0, 0, 1;
    %pushi/vec4 1, 0, 1;
    %store/vec4 v0000000000f41540_0, 0, 1;
    %pushi/vec4 1, 0, 1;
    %store/vec4 v0000000000f41bd0_0, 0, 1;
    %pushi/vec4 1, 0, 1;
    %store/vec4 v0000000000f42030_0, 0, 1;
    %delay 1, 0;
    %pushi/vec4 1, 0, 1;
    %store/vec4 v0000000000f414a0_0, 0, 1;
    %pushi/vec4 0, 0, 1;
    %store/vec4 v0000000000f41540_0, 0, 1;
    %pushi/vec4 0, 0, 1;
    %store/vec4 v0000000000f41bd0_0, 0, 1;
    %pushi/vec4 0, 0, 1;
    %store/vec4 v0000000000f42030_0, 0, 1;
    %delay 1, 0;
    %pushi/vec4 1, 0, 1;
    %store/vec4 v0000000000f414a0_0, 0, 1;
    %pushi/vec4 0, 0, 1;
    %store/vec4 v0000000000f41540_0, 0, 1;
    %pushi/vec4 0, 0, 1;
    %store/vec4 v0000000000f41bd0_0, 0, 1;
    %pushi/vec4 1, 0, 1;
    %store/vec4 v0000000000f42030_0, 0, 1;
    %delay 1, 0;
    %pushi/vec4 1, 0, 1;
    %store/vec4 v0000000000f414a0_0, 0, 1;
    %pushi/vec4 0, 0, 1;
    %store/vec4 v0000000000f41540_0, 0, 1;
    %pushi/vec4 1, 0, 1;
    %store/vec4 v0000000000f41bd0_0, 0, 1;
    %pushi/vec4 0, 0, 1;
    %store/vec4 v0000000000f42030_0, 0, 1;
    %delay 1, 0;
    %pushi/vec4 1, 0, 1;
    %store/vec4 v0000000000f414a0_0, 0, 1;
    %pushi/vec4 0, 0, 1;
    %store/vec4 v0000000000f41540_0, 0, 1;
    %pushi/vec4 1, 0, 1;
    %store/vec4 v0000000000f41bd0_0, 0, 1;
    %pushi/vec4 1, 0, 1;
    %store/vec4 v0000000000f42030_0, 0, 1;
    %delay 1, 0;
    %pushi/vec4 1, 0, 1;
    %store/vec4 v0000000000f414a0_0, 0, 1;
    %pushi/vec4 1, 0, 1;
    %store/vec4 v0000000000f41540_0, 0, 1;
    %pushi/vec4 0, 0, 1;
    %store/vec4 v0000000000f41bd0_0, 0, 1;
    %pushi/vec4 0, 0, 1;
    %store/vec4 v0000000000f42030_0, 0, 1;
    %delay 1, 0;
    %pushi/vec4 1, 0, 1;
    %store/vec4 v0000000000f414a0_0, 0, 1;
    %pushi/vec4 1, 0, 1;
    %store/vec4 v0000000000f41540_0, 0, 1;
    %pushi/vec4 0, 0, 1;
    %store/vec4 v0000000000f41bd0_0, 0, 1;
    %pushi/vec4 1, 0, 1;
    %store/vec4 v0000000000f42030_0, 0, 1;
    %delay 1, 0;
    %pushi/vec4 1, 0, 1;
    %store/vec4 v0000000000f414a0_0, 0, 1;
    %pushi/vec4 1, 0, 1;
    %store/vec4 v0000000000f41540_0, 0, 1;
    %pushi/vec4 1, 0, 1;
    %store/vec4 v0000000000f41bd0_0, 0, 1;
    %pushi/vec4 0, 0, 1;
    %store/vec4 v0000000000f42030_0, 0, 1;
    %delay 1, 0;
    %pushi/vec4 1, 0, 1;
    %store/vec4 v0000000000f414a0_0, 0, 1;
    %pushi/vec4 1, 0, 1;
    %store/vec4 v0000000000f41540_0, 0, 1;
    %pushi/vec4 1, 0, 1;
    %store/vec4 v0000000000f41bd0_0, 0, 1;
    %pushi/vec4 1, 0, 1;
    %store/vec4 v0000000000f42030_0, 0, 1;
    %delay 1, 0;
    %vpi_call 2 76 "$finish" {0 0 0};
    %end;
    .thread T_0;
    .scope S_0000000000f34b90;
T_1 ;
    %vpi_call 2 82 "$dumpfile", "Tabla_07_tb.vcd" {0 0 0};
    %vpi_call 2 83 "$dumpvars", 32'sb00000000000000000000000000000000, S_0000000000f34b90 {0 0 0};
    %end;
    .thread T_1;
# The file index is used to find the file name in the following table.
:file_names 3;
    "N/A";
    "<interactive>";
    "Tabla_07.v";
