#! /usr/local/iverilog/bin/vvp
:ivl_version "11.0 (devel)" "(s20150603-642-g3bdb50da)";
:ivl_delay_selection "TYPICAL";
:vpi_time_precision + 0;
:vpi_module "system";
:vpi_module "vhdl_sys";
:vpi_module "vhdl_textio";
:vpi_module "v2005_math";
:vpi_module "va_math";
S_00000000008bb9e0 .scope module, "tabla_8_SOP" "tabla_8_SOP" 2 7;
 .timescale 0 0;
L_00000000008bbb70 .functor NOT 1, v00000000010cda80_0, C4<0>, C4<0>, C4<0>;
L_0000000001042a40 .functor NOT 1, v00000000010cd4e0_0, C4<0>, C4<0>, C4<0>;
L_00000000010ce350 .functor NOT 1, v00000000010ce200_0, C4<0>, C4<0>, C4<0>;
L_00000000010ce3c0 .functor NOT 1, v00000000010cd940_0, C4<0>, C4<0>, C4<0>;
L_00000000010ce430 .functor AND 1, L_00000000008bbb70, L_0000000001042a40, L_00000000010ce350, L_00000000010ce3c0;
L_00000000010ce4a0 .functor AND 1, L_00000000008bbb70, L_0000000001042a40, v00000000010ce200_0, L_00000000010ce3c0;
L_00000000010ce510 .functor AND 1, L_00000000008bbb70, L_0000000001042a40, v00000000010ce200_0, v00000000010cd940_0;
L_00000000010ce6a0 .functor AND 1, L_00000000008bbb70, v00000000010cd4e0_0, v00000000010ce200_0, L_00000000010ce3c0;
L_00000000010ce830 .functor AND 1, L_00000000008bbb70, v00000000010cd4e0_0, v00000000010ce200_0, v00000000010cd940_0;
L_00000000010ce8a0 .functor AND 1, v00000000010cda80_0, L_0000000001042a40, L_00000000010ce350, L_00000000010ce3c0;
L_00000000010ce910 .functor AND 1, v00000000010cda80_0, L_0000000001042a40, v00000000010ce200_0, L_00000000010ce3c0;
L_00000000010ce980/0/0 .functor OR 1, L_00000000010ce430, L_00000000010ce4a0, L_00000000010ce510, L_00000000010ce6a0;
L_00000000010ce980/0/4 .functor OR 1, L_00000000010ce830, L_00000000010ce8a0, L_00000000010ce910, C4<0>;
L_00000000010ce980 .functor OR 1, L_00000000010ce980/0/0, L_00000000010ce980/0/4, C4<0>, C4<0>;
v00000000008baea0_0 .net "a_out1", 0 0, L_00000000010ce430;  1 drivers
v00000000010cd030_0 .net "a_out2", 0 0, L_00000000010ce4a0;  1 drivers
v00000000010cd0d0_0 .net "a_out3", 0 0, L_00000000010ce510;  1 drivers
v00000000010cd170_0 .net "a_out4", 0 0, L_00000000010ce6a0;  1 drivers
v00000000010cd210_0 .net "a_out5", 0 0, L_00000000010ce830;  1 drivers
v00000000010cd440_0 .net "a_out6", 0 0, L_00000000010ce8a0;  1 drivers
v00000000010cd3a0_0 .net "a_out7", 0 0, L_00000000010ce910;  1 drivers
v00000000010cda80_0 .var "input1", 0 0;
v00000000010cd4e0_0 .var "input2", 0 0;
v00000000010ce200_0 .var "input3", 0 0;
v00000000010cd940_0 .var "input4", 0 0;
v00000000010cd580_0 .net "n_out1", 0 0, L_00000000008bbb70;  1 drivers
v00000000010cd620_0 .net "n_out2", 0 0, L_0000000001042a40;  1 drivers
v00000000010cd6c0_0 .net "n_out3", 0 0, L_00000000010ce350;  1 drivers
v00000000010cd760_0 .net "n_out4", 0 0, L_00000000010ce3c0;  1 drivers
v00000000010cd9e0_0 .net "o_out1", 0 0, L_00000000010ce980;  1 drivers
    .scope S_00000000008bb9e0;
T_0 ;
    %vpi_call 2 48 "$display", "A B C D | Y" {0 0 0};
    %vpi_call 2 49 "$display", "-------" {0 0 0};
    %vpi_call 2 51 "$monitor", "%b %b %b %b | %b", v00000000010cda80_0, v00000000010cd4e0_0, v00000000010ce200_0, v00000000010cd940_0, v00000000010cd9e0_0 {0 0 0};
    %pushi/vec4 0, 0, 1;
    %store/vec4 v00000000010cda80_0, 0, 1;
    %pushi/vec4 0, 0, 1;
    %store/vec4 v00000000010cd4e0_0, 0, 1;
    %pushi/vec4 0, 0, 1;
    %store/vec4 v00000000010ce200_0, 0, 1;
    %pushi/vec4 0, 0, 1;
    %store/vec4 v00000000010cd940_0, 0, 1;
    %delay 1, 0;
    %pushi/vec4 0, 0, 1;
    %store/vec4 v00000000010cda80_0, 0, 1;
    %pushi/vec4 0, 0, 1;
    %store/vec4 v00000000010cd4e0_0, 0, 1;
    %pushi/vec4 0, 0, 1;
    %store/vec4 v00000000010ce200_0, 0, 1;
    %pushi/vec4 1, 0, 1;
    %store/vec4 v00000000010cd940_0, 0, 1;
    %delay 1, 0;
    %pushi/vec4 0, 0, 1;
    %store/vec4 v00000000010cda80_0, 0, 1;
    %pushi/vec4 0, 0, 1;
    %store/vec4 v00000000010cd4e0_0, 0, 1;
    %pushi/vec4 1, 0, 1;
    %store/vec4 v00000000010ce200_0, 0, 1;
    %pushi/vec4 0, 0, 1;
    %store/vec4 v00000000010cd940_0, 0, 1;
    %delay 1, 0;
    %pushi/vec4 0, 0, 1;
    %store/vec4 v00000000010cda80_0, 0, 1;
    %pushi/vec4 0, 0, 1;
    %store/vec4 v00000000010cd4e0_0, 0, 1;
    %pushi/vec4 1, 0, 1;
    %store/vec4 v00000000010ce200_0, 0, 1;
    %pushi/vec4 1, 0, 1;
    %store/vec4 v00000000010cd940_0, 0, 1;
    %delay 1, 0;
    %pushi/vec4 0, 0, 1;
    %store/vec4 v00000000010cda80_0, 0, 1;
    %pushi/vec4 1, 0, 1;
    %store/vec4 v00000000010cd4e0_0, 0, 1;
    %pushi/vec4 0, 0, 1;
    %store/vec4 v00000000010ce200_0, 0, 1;
    %pushi/vec4 0, 0, 1;
    %store/vec4 v00000000010cd940_0, 0, 1;
    %delay 1, 0;
    %pushi/vec4 0, 0, 1;
    %store/vec4 v00000000010cda80_0, 0, 1;
    %pushi/vec4 1, 0, 1;
    %store/vec4 v00000000010cd4e0_0, 0, 1;
    %pushi/vec4 0, 0, 1;
    %store/vec4 v00000000010ce200_0, 0, 1;
    %pushi/vec4 1, 0, 1;
    %store/vec4 v00000000010cd940_0, 0, 1;
    %delay 1, 0;
    %pushi/vec4 0, 0, 1;
    %store/vec4 v00000000010cda80_0, 0, 1;
    %pushi/vec4 1, 0, 1;
    %store/vec4 v00000000010cd4e0_0, 0, 1;
    %pushi/vec4 1, 0, 1;
    %store/vec4 v00000000010ce200_0, 0, 1;
    %pushi/vec4 0, 0, 1;
    %store/vec4 v00000000010cd940_0, 0, 1;
    %delay 1, 0;
    %pushi/vec4 0, 0, 1;
    %store/vec4 v00000000010cda80_0, 0, 1;
    %pushi/vec4 1, 0, 1;
    %store/vec4 v00000000010cd4e0_0, 0, 1;
    %pushi/vec4 1, 0, 1;
    %store/vec4 v00000000010ce200_0, 0, 1;
    %pushi/vec4 1, 0, 1;
    %store/vec4 v00000000010cd940_0, 0, 1;
    %delay 1, 0;
    %pushi/vec4 1, 0, 1;
    %store/vec4 v00000000010cda80_0, 0, 1;
    %pushi/vec4 0, 0, 1;
    %store/vec4 v00000000010cd4e0_0, 0, 1;
    %pushi/vec4 0, 0, 1;
    %store/vec4 v00000000010ce200_0, 0, 1;
    %pushi/vec4 0, 0, 1;
    %store/vec4 v00000000010cd940_0, 0, 1;
    %delay 1, 0;
    %pushi/vec4 1, 0, 1;
    %store/vec4 v00000000010cda80_0, 0, 1;
    %pushi/vec4 0, 0, 1;
    %store/vec4 v00000000010cd4e0_0, 0, 1;
    %pushi/vec4 0, 0, 1;
    %store/vec4 v00000000010ce200_0, 0, 1;
    %pushi/vec4 1, 0, 1;
    %store/vec4 v00000000010cd940_0, 0, 1;
    %delay 1, 0;
    %pushi/vec4 1, 0, 1;
    %store/vec4 v00000000010cda80_0, 0, 1;
    %pushi/vec4 0, 0, 1;
    %store/vec4 v00000000010cd4e0_0, 0, 1;
    %pushi/vec4 1, 0, 1;
    %store/vec4 v00000000010ce200_0, 0, 1;
    %pushi/vec4 0, 0, 1;
    %store/vec4 v00000000010cd940_0, 0, 1;
    %delay 1, 0;
    %pushi/vec4 1, 0, 1;
    %store/vec4 v00000000010cda80_0, 0, 1;
    %pushi/vec4 0, 0, 1;
    %store/vec4 v00000000010cd4e0_0, 0, 1;
    %pushi/vec4 1, 0, 1;
    %store/vec4 v00000000010ce200_0, 0, 1;
    %pushi/vec4 1, 0, 1;
    %store/vec4 v00000000010cd940_0, 0, 1;
    %delay 1, 0;
    %pushi/vec4 1, 0, 1;
    %store/vec4 v00000000010cda80_0, 0, 1;
    %pushi/vec4 1, 0, 1;
    %store/vec4 v00000000010cd4e0_0, 0, 1;
    %pushi/vec4 0, 0, 1;
    %store/vec4 v00000000010ce200_0, 0, 1;
    %pushi/vec4 0, 0, 1;
    %store/vec4 v00000000010cd940_0, 0, 1;
    %delay 1, 0;
    %pushi/vec4 1, 0, 1;
    %store/vec4 v00000000010cda80_0, 0, 1;
    %pushi/vec4 1, 0, 1;
    %store/vec4 v00000000010cd4e0_0, 0, 1;
    %pushi/vec4 0, 0, 1;
    %store/vec4 v00000000010ce200_0, 0, 1;
    %pushi/vec4 1, 0, 1;
    %store/vec4 v00000000010cd940_0, 0, 1;
    %delay 1, 0;
    %pushi/vec4 1, 0, 1;
    %store/vec4 v00000000010cda80_0, 0, 1;
    %pushi/vec4 1, 0, 1;
    %store/vec4 v00000000010cd4e0_0, 0, 1;
    %pushi/vec4 1, 0, 1;
    %store/vec4 v00000000010ce200_0, 0, 1;
    %pushi/vec4 0, 0, 1;
    %store/vec4 v00000000010cd940_0, 0, 1;
    %delay 1, 0;
    %pushi/vec4 1, 0, 1;
    %store/vec4 v00000000010cda80_0, 0, 1;
    %pushi/vec4 1, 0, 1;
    %store/vec4 v00000000010cd4e0_0, 0, 1;
    %pushi/vec4 1, 0, 1;
    %store/vec4 v00000000010ce200_0, 0, 1;
    %pushi/vec4 1, 0, 1;
    %store/vec4 v00000000010cd940_0, 0, 1;
    %delay 1, 0;
    %vpi_call 2 75 "$finish" {0 0 0};
    %end;
    .thread T_0;
    .scope S_00000000008bb9e0;
T_1 ;
    %vpi_call 2 81 "$dumpfile", "Tabla_08_tb.vcd" {0 0 0};
    %vpi_call 2 82 "$dumpvars", 32'sb00000000000000000000000000000000, S_00000000008bb9e0 {0 0 0};
    %end;
    .thread T_1;
# The file index is used to find the file name in the following table.
:file_names 3;
    "N/A";
    "<interactive>";
    "Tabla_08.v";
