#! /usr/local/iverilog/bin/vvp
:ivl_version "11.0 (devel)" "(s20150603-642-g3bdb50da)";
:ivl_delay_selection "TYPICAL";
:vpi_time_precision + 0;
:vpi_module "system";
:vpi_module "vhdl_sys";
:vpi_module "vhdl_textio";
:vpi_module "v2005_math";
:vpi_module "va_math";
S_000000000111b9e0 .scope module, "tabla_6_SOP" "tabla_6_SOP" 2 7;
 .timescale 0 0;
L_000000000111bb70 .functor NOT 1, v000000000107d300_0, C4<0>, C4<0>, C4<0>;
L_0000000000ff2a40 .functor NOT 1, v000000000107dda0_0, C4<0>, C4<0>, C4<0>;
L_000000000107e350 .functor NOT 1, v000000000107da80_0, C4<0>, C4<0>, C4<0>;
L_000000000107e3c0 .functor NOT 1, v000000000107d9e0_0, C4<0>, C4<0>, C4<0>;
L_000000000107e430 .functor AND 1, L_000000000111bb70, L_0000000000ff2a40, L_000000000107e350, L_000000000107e3c0;
L_000000000107e4a0 .functor AND 1, L_000000000111bb70, L_0000000000ff2a40, L_000000000107e350, v000000000107d9e0_0;
L_000000000107e510 .functor AND 1, L_000000000111bb70, L_0000000000ff2a40, v000000000107da80_0, L_000000000107e3c0;
L_000000000107e6a0 .functor AND 1, L_000000000111bb70, L_0000000000ff2a40, v000000000107da80_0, v000000000107d9e0_0;
L_000000000107e710 .functor AND 1, v000000000107d300_0, L_0000000000ff2a40, L_000000000107e350, L_000000000107e3c0;
L_000000000107e8a0 .functor AND 1, v000000000107d300_0, L_0000000000ff2a40, v000000000107da80_0, L_000000000107e3c0;
L_000000000107e9a0 .functor AND 1, v000000000107d300_0, v000000000107dda0_0, v000000000107da80_0, L_000000000107e3c0;
L_000000000107eaa0/0/0 .functor OR 1, L_000000000107e430, L_000000000107e4a0, L_000000000107e510, L_000000000107e6a0;
L_000000000107eaa0/0/4 .functor OR 1, L_000000000107e710, L_000000000107e8a0, L_000000000107e9a0, C4<0>;
L_000000000107eaa0 .functor OR 1, L_000000000107eaa0/0/0, L_000000000107eaa0/0/4, C4<0>, C4<0>;
v000000000111aea0_0 .net "a_out1", 0 0, L_000000000107e430;  1 drivers
v000000000107d030_0 .net "a_out2", 0 0, L_000000000107e4a0;  1 drivers
v000000000107d0d0_0 .net "a_out3", 0 0, L_000000000107e510;  1 drivers
v000000000107d170_0 .net "a_out4", 0 0, L_000000000107e6a0;  1 drivers
v000000000107d210_0 .net "a_out5", 0 0, L_000000000107e710;  1 drivers
v000000000107d8a0_0 .net "a_out6", 0 0, L_000000000107e8a0;  1 drivers
v000000000107d6c0_0 .net "a_out7", 0 0, L_000000000107e9a0;  1 drivers
v000000000107d300_0 .var "input1", 0 0;
v000000000107dda0_0 .var "input2", 0 0;
v000000000107da80_0 .var "input3", 0 0;
v000000000107d9e0_0 .var "input4", 0 0;
v000000000107d580_0 .net "n_out1", 0 0, L_000000000111bb70;  1 drivers
v000000000107de40_0 .net "n_out2", 0 0, L_0000000000ff2a40;  1 drivers
v000000000107d3a0_0 .net "n_out3", 0 0, L_000000000107e350;  1 drivers
v000000000107df80_0 .net "n_out4", 0 0, L_000000000107e3c0;  1 drivers
v000000000107dc60_0 .net "o_out1", 0 0, L_000000000107eaa0;  1 drivers
    .scope S_000000000111b9e0;
T_0 ;
    %vpi_call 2 48 "$display", "A B C D | Y" {0 0 0};
    %vpi_call 2 49 "$display", "-------" {0 0 0};
    %vpi_call 2 51 "$monitor", "%b %b %b %b | %b", v000000000107d300_0, v000000000107dda0_0, v000000000107da80_0, v000000000107d9e0_0, v000000000107dc60_0 {0 0 0};
    %pushi/vec4 0, 0, 1;
    %store/vec4 v000000000107d300_0, 0, 1;
    %pushi/vec4 0, 0, 1;
    %store/vec4 v000000000107dda0_0, 0, 1;
    %pushi/vec4 0, 0, 1;
    %store/vec4 v000000000107da80_0, 0, 1;
    %pushi/vec4 0, 0, 1;
    %store/vec4 v000000000107d9e0_0, 0, 1;
    %delay 1, 0;
    %pushi/vec4 0, 0, 1;
    %store/vec4 v000000000107d300_0, 0, 1;
    %pushi/vec4 0, 0, 1;
    %store/vec4 v000000000107dda0_0, 0, 1;
    %pushi/vec4 0, 0, 1;
    %store/vec4 v000000000107da80_0, 0, 1;
    %pushi/vec4 1, 0, 1;
    %store/vec4 v000000000107d9e0_0, 0, 1;
    %delay 1, 0;
    %pushi/vec4 0, 0, 1;
    %store/vec4 v000000000107d300_0, 0, 1;
    %pushi/vec4 0, 0, 1;
    %store/vec4 v000000000107dda0_0, 0, 1;
    %pushi/vec4 1, 0, 1;
    %store/vec4 v000000000107da80_0, 0, 1;
    %pushi/vec4 0, 0, 1;
    %store/vec4 v000000000107d9e0_0, 0, 1;
    %delay 1, 0;
    %pushi/vec4 0, 0, 1;
    %store/vec4 v000000000107d300_0, 0, 1;
    %pushi/vec4 0, 0, 1;
    %store/vec4 v000000000107dda0_0, 0, 1;
    %pushi/vec4 1, 0, 1;
    %store/vec4 v000000000107da80_0, 0, 1;
    %pushi/vec4 1, 0, 1;
    %store/vec4 v000000000107d9e0_0, 0, 1;
    %delay 1, 0;
    %pushi/vec4 0, 0, 1;
    %store/vec4 v000000000107d300_0, 0, 1;
    %pushi/vec4 1, 0, 1;
    %store/vec4 v000000000107dda0_0, 0, 1;
    %pushi/vec4 0, 0, 1;
    %store/vec4 v000000000107da80_0, 0, 1;
    %pushi/vec4 0, 0, 1;
    %store/vec4 v000000000107d9e0_0, 0, 1;
    %delay 1, 0;
    %pushi/vec4 0, 0, 1;
    %store/vec4 v000000000107d300_0, 0, 1;
    %pushi/vec4 1, 0, 1;
    %store/vec4 v000000000107dda0_0, 0, 1;
    %pushi/vec4 0, 0, 1;
    %store/vec4 v000000000107da80_0, 0, 1;
    %pushi/vec4 1, 0, 1;
    %store/vec4 v000000000107d9e0_0, 0, 1;
    %delay 1, 0;
    %pushi/vec4 0, 0, 1;
    %store/vec4 v000000000107d300_0, 0, 1;
    %pushi/vec4 1, 0, 1;
    %store/vec4 v000000000107dda0_0, 0, 1;
    %pushi/vec4 1, 0, 1;
    %store/vec4 v000000000107da80_0, 0, 1;
    %pushi/vec4 0, 0, 1;
    %store/vec4 v000000000107d9e0_0, 0, 1;
    %delay 1, 0;
    %pushi/vec4 0, 0, 1;
    %store/vec4 v000000000107d300_0, 0, 1;
    %pushi/vec4 1, 0, 1;
    %store/vec4 v000000000107dda0_0, 0, 1;
    %pushi/vec4 1, 0, 1;
    %store/vec4 v000000000107da80_0, 0, 1;
    %pushi/vec4 1, 0, 1;
    %store/vec4 v000000000107d9e0_0, 0, 1;
    %delay 1, 0;
    %pushi/vec4 1, 0, 1;
    %store/vec4 v000000000107d300_0, 0, 1;
    %pushi/vec4 0, 0, 1;
    %store/vec4 v000000000107dda0_0, 0, 1;
    %pushi/vec4 0, 0, 1;
    %store/vec4 v000000000107da80_0, 0, 1;
    %pushi/vec4 0, 0, 1;
    %store/vec4 v000000000107d9e0_0, 0, 1;
    %delay 1, 0;
    %pushi/vec4 1, 0, 1;
    %store/vec4 v000000000107d300_0, 0, 1;
    %pushi/vec4 0, 0, 1;
    %store/vec4 v000000000107dda0_0, 0, 1;
    %pushi/vec4 0, 0, 1;
    %store/vec4 v000000000107da80_0, 0, 1;
    %pushi/vec4 1, 0, 1;
    %store/vec4 v000000000107d9e0_0, 0, 1;
    %delay 1, 0;
    %pushi/vec4 1, 0, 1;
    %store/vec4 v000000000107d300_0, 0, 1;
    %pushi/vec4 0, 0, 1;
    %store/vec4 v000000000107dda0_0, 0, 1;
    %pushi/vec4 1, 0, 1;
    %store/vec4 v000000000107da80_0, 0, 1;
    %pushi/vec4 0, 0, 1;
    %store/vec4 v000000000107d9e0_0, 0, 1;
    %delay 1, 0;
    %pushi/vec4 1, 0, 1;
    %store/vec4 v000000000107d300_0, 0, 1;
    %pushi/vec4 0, 0, 1;
    %store/vec4 v000000000107dda0_0, 0, 1;
    %pushi/vec4 1, 0, 1;
    %store/vec4 v000000000107da80_0, 0, 1;
    %pushi/vec4 1, 0, 1;
    %store/vec4 v000000000107d9e0_0, 0, 1;
    %delay 1, 0;
    %pushi/vec4 1, 0, 1;
    %store/vec4 v000000000107d300_0, 0, 1;
    %pushi/vec4 1, 0, 1;
    %store/vec4 v000000000107dda0_0, 0, 1;
    %pushi/vec4 0, 0, 1;
    %store/vec4 v000000000107da80_0, 0, 1;
    %pushi/vec4 0, 0, 1;
    %store/vec4 v000000000107d9e0_0, 0, 1;
    %delay 1, 0;
    %pushi/vec4 1, 0, 1;
    %store/vec4 v000000000107d300_0, 0, 1;
    %pushi/vec4 1, 0, 1;
    %store/vec4 v000000000107dda0_0, 0, 1;
    %pushi/vec4 0, 0, 1;
    %store/vec4 v000000000107da80_0, 0, 1;
    %pushi/vec4 1, 0, 1;
    %store/vec4 v000000000107d9e0_0, 0, 1;
    %delay 1, 0;
    %pushi/vec4 1, 0, 1;
    %store/vec4 v000000000107d300_0, 0, 1;
    %pushi/vec4 1, 0, 1;
    %store/vec4 v000000000107dda0_0, 0, 1;
    %pushi/vec4 1, 0, 1;
    %store/vec4 v000000000107da80_0, 0, 1;
    %pushi/vec4 0, 0, 1;
    %store/vec4 v000000000107d9e0_0, 0, 1;
    %delay 1, 0;
    %pushi/vec4 1, 0, 1;
    %store/vec4 v000000000107d300_0, 0, 1;
    %pushi/vec4 1, 0, 1;
    %store/vec4 v000000000107dda0_0, 0, 1;
    %pushi/vec4 1, 0, 1;
    %store/vec4 v000000000107da80_0, 0, 1;
    %pushi/vec4 1, 0, 1;
    %store/vec4 v000000000107d9e0_0, 0, 1;
    %delay 1, 0;
    %vpi_call 2 75 "$finish" {0 0 0};
    %end;
    .thread T_0;
    .scope S_000000000111b9e0;
T_1 ;
    %vpi_call 2 81 "$dumpfile", "Tabla_06_tb.vcd" {0 0 0};
    %vpi_call 2 82 "$dumpvars", 32'sb00000000000000000000000000000000, S_000000000111b9e0 {0 0 0};
    %end;
    .thread T_1;
# The file index is used to find the file name in the following table.
:file_names 3;
    "N/A";
    "<interactive>";
    "Tabla_06.v";
