#! /usr/local/iverilog/bin/vvp
:ivl_version "11.0 (devel)" "(s20150603-642-g3bdb50da)";
:ivl_delay_selection "TYPICAL";
:vpi_time_precision + 0;
:vpi_module "system";
:vpi_module "vhdl_sys";
:vpi_module "vhdl_textio";
:vpi_module "v2005_math";
:vpi_module "va_math";
S_00000000001ccb90 .scope module, "tabla_4_SOP" "tabla_4_SOP" 2 7;
 .timescale 0 0;
L_0000000000f52a40 .functor NOT 1, v00000000001ccdc0_0, C4<0>, C4<0>, C4<0>;
L_0000000000fcbb60 .functor NOT 1, v00000000001cce60_0, C4<0>, C4<0>, C4<0>;
L_0000000000fcbbd0 .functor NOT 1, v0000000000fcb840_0, C4<0>, C4<0>, C4<0>;
L_0000000000fcbc40 .functor AND 1, L_0000000000f52a40, L_0000000000fcbb60, v0000000000fcb840_0, C4<1>;
L_0000000000fcbcb0 .functor AND 1, v00000000001ccdc0_0, v00000000001cce60_0, L_0000000000fcbbd0, C4<1>;
L_0000000000fcbd20 .functor AND 1, v00000000001ccdc0_0, v00000000001cce60_0, v0000000000fcb840_0, C4<1>;
L_0000000000fcbd90 .functor OR 1, L_0000000000fcbc40, L_0000000000fcbcb0, L_0000000000fcbd20, C4<0>;
v0000000000f533b0_0 .net "a_out1", 0 0, L_0000000000fcbc40;  1 drivers
v00000000001cc8c0_0 .net "a_out2", 0 0, L_0000000000fcbcb0;  1 drivers
v00000000001ccd20_0 .net "a_out3", 0 0, L_0000000000fcbd20;  1 drivers
v00000000001ccdc0_0 .var "input1", 0 0;
v00000000001cce60_0 .var "input2", 0 0;
v0000000000fcb840_0 .var "input3", 0 0;
v0000000000fcb8e0_0 .net "n_out1", 0 0, L_0000000000f52a40;  1 drivers
v0000000000fcb980_0 .net "n_out2", 0 0, L_0000000000fcbb60;  1 drivers
v0000000000fcba20_0 .net "n_out3", 0 0, L_0000000000fcbbd0;  1 drivers
v0000000000fcbac0_0 .net "o_out1", 0 0, L_0000000000fcbd90;  1 drivers
    .scope S_00000000001ccb90;
T_0 ;
    %vpi_call 2 43 "$display", "A B C | Y" {0 0 0};
    %vpi_call 2 44 "$display", "-------" {0 0 0};
    %vpi_call 2 46 "$monitor", "%b %b %b | %b", v00000000001ccdc0_0, v00000000001cce60_0, v0000000000fcb840_0, v0000000000fcbac0_0 {0 0 0};
    %pushi/vec4 0, 0, 1;
    %store/vec4 v00000000001ccdc0_0, 0, 1;
    %pushi/vec4 0, 0, 1;
    %store/vec4 v00000000001cce60_0, 0, 1;
    %pushi/vec4 0, 0, 1;
    %store/vec4 v0000000000fcb840_0, 0, 1;
    %delay 1, 0;
    %pushi/vec4 0, 0, 1;
    %store/vec4 v00000000001ccdc0_0, 0, 1;
    %pushi/vec4 0, 0, 1;
    %store/vec4 v00000000001cce60_0, 0, 1;
    %pushi/vec4 1, 0, 1;
    %store/vec4 v0000000000fcb840_0, 0, 1;
    %delay 1, 0;
    %pushi/vec4 0, 0, 1;
    %store/vec4 v00000000001ccdc0_0, 0, 1;
    %pushi/vec4 1, 0, 1;
    %store/vec4 v00000000001cce60_0, 0, 1;
    %pushi/vec4 0, 0, 1;
    %store/vec4 v0000000000fcb840_0, 0, 1;
    %delay 1, 0;
    %pushi/vec4 0, 0, 1;
    %store/vec4 v00000000001ccdc0_0, 0, 1;
    %pushi/vec4 1, 0, 1;
    %store/vec4 v00000000001cce60_0, 0, 1;
    %pushi/vec4 1, 0, 1;
    %store/vec4 v0000000000fcb840_0, 0, 1;
    %delay 1, 0;
    %pushi/vec4 1, 0, 1;
    %store/vec4 v00000000001ccdc0_0, 0, 1;
    %pushi/vec4 0, 0, 1;
    %store/vec4 v00000000001cce60_0, 0, 1;
    %pushi/vec4 0, 0, 1;
    %store/vec4 v0000000000fcb840_0, 0, 1;
    %delay 1, 0;
    %pushi/vec4 1, 0, 1;
    %store/vec4 v00000000001ccdc0_0, 0, 1;
    %pushi/vec4 0, 0, 1;
    %store/vec4 v00000000001cce60_0, 0, 1;
    %pushi/vec4 1, 0, 1;
    %store/vec4 v0000000000fcb840_0, 0, 1;
    %delay 1, 0;
    %pushi/vec4 1, 0, 1;
    %store/vec4 v00000000001ccdc0_0, 0, 1;
    %pushi/vec4 1, 0, 1;
    %store/vec4 v00000000001cce60_0, 0, 1;
    %pushi/vec4 0, 0, 1;
    %store/vec4 v0000000000fcb840_0, 0, 1;
    %delay 1, 0;
    %pushi/vec4 1, 0, 1;
    %store/vec4 v00000000001ccdc0_0, 0, 1;
    %pushi/vec4 1, 0, 1;
    %store/vec4 v00000000001cce60_0, 0, 1;
    %pushi/vec4 1, 0, 1;
    %store/vec4 v0000000000fcb840_0, 0, 1;
    %delay 1, 0;
    %vpi_call 2 61 "$finish" {0 0 0};
    %end;
    .thread T_0;
    .scope S_00000000001ccb90;
T_1 ;
    %vpi_call 2 67 "$dumpfile", "Tabla_04_tb.vcd" {0 0 0};
    %vpi_call 2 68 "$dumpvars", 32'sb00000000000000000000000000000000, S_00000000001ccb90 {0 0 0};
    %end;
    .thread T_1;
# The file index is used to find the file name in the following table.
:file_names 3;
    "N/A";
    "<interactive>";
    "Tabla_04.v";
